Invalid
Invalid
Invalid
Invalid
Invalid
Invalid
Invalid
Invalid
978-0-01-355196-6	crate	DonnaTurner	fugal|trap|Montevideo	302.18	7
978-0-07-483792-4	nobleman	BenjaminJackson	Montevideo|dietary|fugal|trap	60.83	0
978-0-14-924545-6	Mouton	RichardNorton	Voss|fugal	207.04	2
978-0-18-921564-8	Precambrian	RichardNorton	Montevideo|fugal	382.21	0
978-0-216-33315-4	Johanna	JasonTurner	trap|fugal	28.38	0
978-0-259-48492-9	mutiny	KristieWright	interregnum|encumbrance|fugal|Montevideo|trap	138.00	0
978-0-322-27875-2	fast	DouglasCombs	fugal|Montevideo|encumbrance|Bruegel	126.98	0
978-0-326-50183-2	shelf	BrandonMoore	encumbrance|trap|fugal	490.89	0
978-0-339-63162-5	consortium	AdrienneWebster	governess|dietary|night|trap|fugal	115.55	0
978-0-593-60245-4	maximum	DonnaTurner	encumbrance|dietary|fugal|night	373.00	0
978-0-7964-7838-2	intuit	RichardNorton	interregnum|Bruegel|fugal	0.00	53
978-1-01-806004-0	Gillespie	TaylorOneill	fugal|Voss	0.00	0
978-1-07-652776-9	backstage	VictoriaBenton	fugal	254.76	0
978-1-140-45891-3		VictoriaBenton	fugal|governess	48.36	0
978-1-80206-441-4	Pickman	RyanBryant	governess|fugal|dietary|interregnum|Bruegel	129.94	1
Invalid
978-0-7370-4175-0	gaugeable	MonicaCooper	Bruegel	310.57	1
Invalid
Invalid
Invalid
Invalid
0.00

Invalid

Invalid
Invalid
Invalid
978-0-14-924545-6	Mouton	RichardNorton	Voss|fugal	207.04	2
978-0-676-14484-0	ripple	AllenMartin	governess|Voss	369.64	0
978-0-919379-31-2	October	AdrienneWebster	interregnum|Voss|night	412.04	10
978-1-01-806004-0	Gillespie	TaylorOneill	fugal|Voss	0.00	0
978-1-07-160462-5	gunshot	TaylorOneill	Voss	193.47	0
978-1-08-748886-8	gratuitous	DouglasCombs	interregnum|Voss	4.20	5
978-1-229-15724-9	yeah	TaylorOneill	Voss|governess	98.15	1
978-1-294-79848-4	Ripley	JasonTurner	Bruegel|governess|Voss|dietary	67.46	16
978-1-382-16859-5	inhomogeneous	ErinMelendez	Montevideo|Voss|trap|governess|interregnum	412.41	0
978-1-4889-1712-7	proven		Voss|encumbrance|dietary	259.31	0
978-1-69939-379-6	buck	MatthewOrtiz	Voss|governess	51.56	0
978-1-5056-3121-0	gallery	JohnFleming	interregnum	139.78	0
978-0-19-304861-4	Halifax	AmyGutierrez	interregnum	186.47	0
978-0-259-48492-9	mutiny	KristieWright	interregnum|encumbrance|fugal|Montevideo|trap	138.00	0
978-0-457-25369-3	handspike	BenjaminJackson	dietary|interregnum|encumbrance|Montevideo|governess	487.60	0
978-0-7750-6923-5	Kevin		encumbrance|Bruegel|interregnum	188.56	0
978-0-7964-7838-2	intuit	RichardNorton	interregnum|Bruegel|fugal	0.00	52
978-0-919379-31-2	October	AdrienneWebster	interregnum|Voss|night	412.04	10
978-0-9785229-3-3	not	DouglasCombs	night|interregnum|trap|dietary	325.59	0
978-1-02-832624-2		JasonTurner	Montevideo|interregnum|night	0.00	0
978-1-08-748886-8	gratuitous	DouglasCombs	interregnum|Voss	4.20	5
978-1-129-39478-2	ileum	MatthewOrtiz	interregnum|Bruegel|night|Montevideo	197.36	0
978-1-382-16859-5	inhomogeneous	ErinMelendez	Montevideo|Voss|trap|governess|interregnum	412.41	0
978-1-4127-3640-4	Ann	RichardNorton	dietary|encumbrance|interregnum|night|Bruegel	179.93	0
978-1-4588-2171-3	odium	JaniceHayes	interregnum	51.07	15
978-1-5056-3121-0	gallery	JohnFleming	interregnum	139.78	0
978-1-60113-606-0			interregnum|encumbrance	130.40	0
978-1-80206-441-4	Pickman	RyanBryant	governess|fugal|dietary|interregnum|Bruegel	129.94	1
978-1-870621-84-7	Smithson	BrittanyWilson	Montevideo|interregnum	0.00	0
Invalid
Invalid
978-1-76021-207-0	pollutant			0.00	0
98.15

Invalid

Invalid
Invalid
Invalid
Invalid
Invalid
Invalid
Invalid
Invalid
Invalid
Invalid
Invalid
Invalid
Invalid
Invalid

Invalid
Invalid
Invalid
Invalid
Invalid
Invalid
Invalid
Invalid
Invalid
Invalid
Invalid
Invalid
Invalid
Invalid

Invalid
Invalid
Invalid
Invalid
Invalid
Invalid
Invalid
Invalid
Invalid
978-1-4746-7421-8	plebian	KristieWright	trap|Montevideo|governess	252.73	10
978-0-363-05141-3	Trinidad	VictoriaBenton	Montevideo	450.84	11
978-1-07-652776-9	backstage	VictoriaBenton	fugal	254.76	0
978-1-140-45891-3		VictoriaBenton	fugal|governess	48.36	0
Invalid
Invalid
Invalid


Invalid
Invalid
Invalid
Invalid
Invalid
Invalid
978-0-276-71265-4	statistician	Mrs.MeganHayes	night|governess|encumbrance|Bruegel	308.58	0
978-0-339-63162-5	consortium	AdrienneWebster	governess|dietary|night|trap|fugal	115.55	0
978-0-457-25369-3	handspike	BenjaminJackson	dietary|interregnum|encumbrance|Montevideo|governess	487.60	0
978-0-676-14484-0	ripple	AllenMartin	governess|Voss	369.64	0
978-0-7299-9188-9	bullseye	Mrs.MeganHayes	governess|encumbrance	457.29	0
978-0-86761-025-3	validate		dietary|Bruegel|governess|night	255.78	0
978-1-140-45891-3		VictoriaBenton	fugal|governess	48.36	0
978-1-229-15724-9	yeah	TaylorOneill	Voss|governess	98.15	0
978-1-294-79848-4	Ripley	JasonTurner	Bruegel|governess|Voss|dietary	67.46	16
978-1-318-73298-2	frontage	JaniceHayes	governess|encumbrance	236.23	0
978-1-382-16859-5	inhomogeneous	ErinMelendez	Montevideo|Voss|trap|governess|interregnum	412.41	0
978-1-4746-7421-8	plebian	KristieWright	trap|Montevideo|governess	252.73	10
978-1-69939-379-6	buck	MatthewOrtiz	Voss|governess	51.56	0
978-1-80206-441-4	Pickman	RyanBryant	governess|fugal|dietary|interregnum|Bruegel	129.94	1
978-1-80231-577-6	bandgap	ErinMelendez	Montevideo|night|trap|governess	216.95	0
Invalid
Invalid
Invalid

Invalid
Invalid
Invalid
Invalid
978-0-19-304861-4	Halifax	AmyGutierrez	interregnum	186.47	0
978-0-259-48492-9	mutiny	KristieWright	interregnum|encumbrance|fugal|Montevideo|trap	138.00	0
978-0-457-25369-3	handspike	BenjaminJackson	dietary|interregnum|encumbrance|Montevideo|governess	487.60	0
978-0-7750-6923-5	Kevin		encumbrance|Bruegel|interregnum	188.56	0
978-0-7964-7838-2	intuit	RichardNorton	interregnum|Bruegel|fugal	0.00	52
978-0-919379-31-2	October	AdrienneWebster	interregnum|Voss|night	412.04	10
978-0-9785229-3-3	not	DouglasCombs	night|interregnum|trap|dietary	325.59	0
978-1-02-832624-2		JasonTurner	Montevideo|interregnum|night	0.00	0
978-1-08-748886-8	gratuitous	DouglasCombs	interregnum|Voss	4.20	5
978-1-129-39478-2	ileum	MatthewOrtiz	interregnum|Bruegel|night|Montevideo	197.36	0
978-1-382-16859-5	inhomogeneous	ErinMelendez	Montevideo|Voss|trap|governess|interregnum	412.41	0
978-1-4127-3640-4	Ann	RichardNorton	dietary|encumbrance|interregnum|night|Bruegel	179.93	0
978-1-4588-2171-3	odium	JaniceHayes	interregnum	51.07	15
978-1-5056-3121-0	gallery	JohnFleming	interregnum	139.78	0
978-1-60113-606-0			interregnum|encumbrance	130.40	0
978-1-80206-441-4	Pickman	RyanBryant	governess|fugal|dietary|interregnum|Bruegel	129.94	1
978-1-870621-84-7	Smithson	BrittanyWilson	Montevideo|interregnum	0.00	0
Invalid
Invalid
Invalid
Invalid
Invalid
Invalid
Invalid
Invalid
Invalid
Invalid
Invalid
978-0-14-924545-6	Mouton	RichardNorton	Voss|fugal	207.04	2
978-0-18-921564-8	Precambrian	RichardNorton	Montevideo|fugal	382.21	0
978-0-7964-7838-2	intuit	RichardNorton	interregnum|Bruegel|fugal	0.00	52
978-1-4127-3640-4	Ann	RichardNorton	dietary|encumbrance|interregnum|night|Bruegel	179.93	0
Invalid
Invalid
978-0-19-304861-4	Halifax	AmyGutierrez	interregnum	186.47	0
978-0-399-49213-6	infantile	AmyGutierrez		217.41	0
978-1-168-55349-2	adobe	AmyGutierrez	night	14.21	8
Invalid
Invalid

978-1-65361-979-5	naive			188.17	18
Invalid
Invalid
Invalid
Invalid
Invalid
Invalid
Invalid
Invalid
Invalid
Invalid
Invalid
Invalid
Invalid
Invalid
Invalid
Invalid
Invalid
Invalid
14.21
Invalid
Invalid
Invalid
Invalid
Invalid
Invalid
Invalid
Invalid
Invalid
Invalid

978-0-01-355196-6	crate	DonnaTurner	fugal|trap|Montevideo	302.18	7
978-0-07-483792-4	nobleman	BenjaminJackson	Montevideo|dietary|fugal|trap	60.83	0
978-0-216-33315-4	Johanna	JasonTurner	trap|fugal	28.38	0
978-0-259-48492-9	mutiny	KristieWright	interregnum|encumbrance|fugal|Montevideo|trap	138.00	0
978-0-326-50183-2	shelf	BrandonMoore	encumbrance|trap|fugal	490.89	0
978-0-339-63162-5	consortium	AdrienneWebster	governess|dietary|night|trap|fugal	115.55	0
978-0-9785229-3-3	not	DouglasCombs	night|interregnum|trap|dietary	325.59	0
978-1-382-16859-5	inhomogeneous	ErinMelendez	Montevideo|Voss|trap|governess|interregnum	412.41	0
978-1-4746-7421-8	plebian	KristieWright	trap|Montevideo|governess	252.73	10
978-1-80231-577-6	bandgap	ErinMelendez	Montevideo|night|trap|governess	216.95	0

Invalid
Invalid
Invalid
Invalid
Invalid
Invalid
978-0-7827-6266-2	veal	BrittanyWilson		54.17	0
Invalid
Invalid
Invalid
Invalid
Invalid
Invalid
Invalid
Invalid
Invalid
Invalid
Invalid
Invalid
Invalid
Invalid
Invalid
Invalid
Invalid
Invalid
Invalid
Invalid
Invalid
Invalid
Invalid
Invalid
Invalid
Invalid
Invalid
Invalid
Invalid
Invalid
Invalid
Invalid
Invalid
Invalid
Invalid
Invalid
Invalid
Invalid
Invalid
Invalid
Invalid
978-0-363-05141-3	Trinidad	VictoriaBenton	Montevideo	450.84	11
978-1-07-652776-9	backstage	VictoriaBenton	fugal	254.76	0
978-1-140-45891-3		VictoriaBenton	fugal|governess	48.36	0
Invalid
Invalid
978-1-129-39478-2	ileum	MatthewOrtiz	interregnum|Bruegel|night|Montevideo	197.36	0
978-1-69939-379-6	buck	MatthewOrtiz	Voss|governess	51.56	0
Invalid
Invalid
302.18
Invalid
Invalid
Invalid
Invalid
Invalid
978-0-19-304861-4	Halifax	AmyGutierrez	interregnum	186.47	0
978-0-259-48492-9	mutiny	KristieWright	interregnum|encumbrance|fugal|Montevideo|trap	138.00	0
978-0-457-25369-3	handspike	BenjaminJackson	dietary|interregnum|encumbrance|Montevideo|governess	487.60	0
978-0-7750-6923-5	Kevin		encumbrance|Bruegel|interregnum	188.56	0
978-0-7964-7838-2	intuit	RichardNorton	interregnum|Bruegel|fugal	0.00	52
978-0-919379-31-2	October	AdrienneWebster	interregnum|Voss|night	412.04	10
978-0-9785229-3-3	not	DouglasCombs	night|interregnum|trap|dietary	325.59	0
978-1-02-832624-2		JasonTurner	Montevideo|interregnum|night	0.00	0
978-1-08-748886-8	gratuitous	DouglasCombs	interregnum|Voss	4.20	5
978-1-129-39478-2	ileum	MatthewOrtiz	interregnum|Bruegel|night|Montevideo	197.36	0
978-1-382-16859-5	inhomogeneous	ErinMelendez	Montevideo|Voss|trap|governess|interregnum	412.41	0
978-1-4127-3640-4	Ann	RichardNorton	dietary|encumbrance|interregnum|night|Bruegel	179.93	0
978-1-4588-2171-3	odium	JaniceHayes	interregnum	51.07	15
978-1-5056-3121-0	gallery	JohnFleming	interregnum	139.78	0
978-1-60113-606-0			interregnum|encumbrance	130.40	0
978-1-80206-441-4	Pickman	RyanBryant	governess|fugal|dietary|interregnum|Bruegel	129.94	1
978-1-870621-84-7	Smithson	BrittanyWilson	Montevideo|interregnum	0.00	0
Invalid
Invalid
Invalid
Invalid
Invalid
Invalid

Invalid
Invalid
Invalid

Invalid
Invalid
Invalid
978-1-5411-4868-0	refrigerate	PatriciaMartinez	Bruegel	41.18	12
978-0-01-355196-6	crate	DonnaTurner	fugal|trap|Montevideo	302.18	6
978-0-07-483792-4	nobleman	BenjaminJackson	Montevideo|dietary|fugal|trap	60.83	0
978-0-18-921564-8	Precambrian	RichardNorton	Montevideo|fugal	382.21	0
978-0-259-48492-9	mutiny	KristieWright	interregnum|encumbrance|fugal|Montevideo|trap	138.00	0
978-0-322-27875-2	fast	DouglasCombs	fugal|Montevideo|encumbrance|Bruegel	126.98	0
978-0-363-05141-3	Trinidad	VictoriaBenton	Montevideo	450.84	11
978-0-457-25369-3	handspike	BenjaminJackson	dietary|interregnum|encumbrance|Montevideo|governess	487.60	0
978-0-647-04494-0	team	BrittanyWilson	night|Montevideo|Bruegel	0.00	0
978-1-02-832624-2		JasonTurner	Montevideo|interregnum|night	0.00	0
978-1-129-39478-2	ileum	MatthewOrtiz	interregnum|Bruegel|night|Montevideo	197.36	0
978-1-382-16859-5	inhomogeneous	ErinMelendez	Montevideo|Voss|trap|governess|interregnum	412.41	0
978-1-4746-7421-8	plebian	KristieWright	trap|Montevideo|governess	252.73	10
978-1-80231-577-6	bandgap	ErinMelendez	Montevideo|night|trap|governess	216.95	0
978-1-870621-84-7	Smithson	BrittanyWilson	Montevideo|interregnum	0.00	0
Invalid
Invalid
Invalid
Invalid
Invalid
978-1-129-39478-2	ileum	MatthewOrtiz	interregnum|Bruegel|night|Montevideo	197.36	0
978-1-69939-379-6	buck	MatthewOrtiz	Voss|governess	51.56	0
Invalid
Invalid
Invalid
Invalid
Invalid
978-0-276-71265-4	statistician	Mrs.MeganHayes	night|governess|encumbrance|Bruegel	308.58	0
978-0-7299-9188-9	bullseye	Mrs.MeganHayes	governess|encumbrance	457.29	0
Invalid
Invalid
Invalid
Invalid
Invalid
Invalid
978-1-129-39478-2	ileum	MatthewOrtiz	interregnum|Bruegel|night|Montevideo	197.36	0
978-1-69939-379-6	buck	MatthewOrtiz	Voss|governess	51.56	0
Invalid
Invalid
Invalid
Invalid
Invalid
Invalid
Invalid

Invalid
Invalid
Invalid
978-0-01-355196-6	crate	DonnaTurner	fugal|trap|Montevideo	302.18	6
978-0-07-483792-4	nobleman	BenjaminJackson	Montevideo|dietary|fugal|trap	60.83	0
978-0-14-924545-6	Mouton	RichardNorton	Voss|fugal	207.04	2
978-0-18-921564-8	Precambrian	RichardNorton	Montevideo|fugal	382.21	0
978-0-216-33315-4	Johanna	JasonTurner	trap|fugal	28.38	0
978-0-259-48492-9	mutiny	KristieWright	interregnum|encumbrance|fugal|Montevideo|trap	138.00	0
978-0-322-27875-2	fast	DouglasCombs	fugal|Montevideo|encumbrance|Bruegel	126.98	0
978-0-326-50183-2	shelf	BrandonMoore	encumbrance|trap|fugal	490.89	0
978-0-339-63162-5	consortium	AdrienneWebster	governess|dietary|night|trap|fugal	115.55	0
978-0-593-60245-4	maximum	DonnaTurner	encumbrance|dietary|fugal|night	373.00	0
978-0-7964-7838-2	intuit	RichardNorton	interregnum|Bruegel|fugal	0.00	52
978-1-01-806004-0	Gillespie	TaylorOneill	fugal|Voss	0.00	0
978-1-07-652776-9	backstage	VictoriaBenton	fugal	254.76	0
978-1-140-45891-3		VictoriaBenton	fugal|governess	48.36	0
978-1-80206-441-4	Pickman	RyanBryant	governess|fugal|dietary|interregnum|Bruegel	129.94	1
Invalid
Invalid
Invalid
Invalid
Invalid
Invalid
Invalid
Invalid
Invalid
Invalid
Invalid
Invalid
Invalid
Invalid
Invalid
4.20
Invalid
Invalid


Invalid
Invalid

Invalid
Invalid
978-0-259-48492-9	mutiny	KristieWright	interregnum|encumbrance|fugal|Montevideo|trap	138.00	0
978-0-276-71265-4	statistician	Mrs.MeganHayes	night|governess|encumbrance|Bruegel	308.58	0
978-0-322-27875-2	fast	DouglasCombs	fugal|Montevideo|encumbrance|Bruegel	126.98	0
978-0-326-50183-2	shelf	BrandonMoore	encumbrance|trap|fugal	490.89	0
978-0-457-25369-3	handspike	BenjaminJackson	dietary|interregnum|encumbrance|Montevideo|governess	487.60	0
978-0-593-60245-4	maximum	DonnaTurner	encumbrance|dietary|fugal|night	373.00	0
978-0-7299-9188-9	bullseye	Mrs.MeganHayes	governess|encumbrance	457.29	0
978-0-7750-6923-5	Kevin		encumbrance|Bruegel|interregnum	188.56	0
978-1-318-73298-2	frontage	JaniceHayes	governess|encumbrance	236.23	0
978-1-338-57125-7	interfere	AllenMartin	Bruegel|encumbrance	66.16	0
978-1-4127-3640-4	Ann	RichardNorton	dietary|encumbrance|interregnum|night|Bruegel	179.93	0
978-1-4889-1712-7	proven		Voss|encumbrance|dietary	259.31	0
978-1-60113-606-0			interregnum|encumbrance	130.40	0
978-1-75974-389-9	antigorite	CodyHenson	encumbrance	280.69	0
978-1-896735-09-2	choose	JohnFleming	encumbrance|Bruegel|dietary|Voss	229.34	9
Invalid
Invalid
Invalid
Invalid
Invalid
Invalid
Invalid
Invalid
Invalid
978-0-216-33315-4	Johanna	JasonTurner	trap|fugal	28.38	0
978-1-02-832624-2		JasonTurner	Montevideo|interregnum|night	0.00	0
978-1-294-79848-4	Ripley	JasonTurner	Bruegel|governess|Voss|dietary	67.46	16
Invalid
Invalid
Invalid
Invalid
Invalid
Invalid
Invalid
Invalid
Invalid
Invalid
Invalid
Invalid

Invalid
Invalid
Invalid
Invalid
Invalid
Invalid
Invalid
Invalid
Invalid
Invalid
Invalid
Invalid
Invalid
978-0-276-71265-4	statistician	Mrs.MeganHayes	night|governess|encumbrance|Bruegel	308.58	0
978-0-339-63162-5	consortium	AdrienneWebster	governess|dietary|night|trap|fugal	115.55	0
978-0-593-60245-4	maximum	DonnaTurner	encumbrance|dietary|fugal|night	373.00	0
978-0-647-04494-0	team	BrittanyWilson	night|Montevideo|Bruegel	0.00	0
978-0-86761-025-3	validate		dietary|Bruegel|governess|night	255.78	0
978-0-919379-31-2	October	AdrienneWebster	interregnum|Voss|night	412.04	10
978-0-9785229-3-3	not	DouglasCombs	night|interregnum|trap|dietary	325.59	0
978-1-02-832624-2		JasonTurner	Montevideo|interregnum|night	0.00	0
978-1-129-39478-2	ileum	MatthewOrtiz	interregnum|Bruegel|night|Montevideo	197.36	0
978-1-168-55349-2	adobe	AmyGutierrez	night	14.21	7
978-1-4127-3640-4	Ann	RichardNorton	dietary|encumbrance|interregnum|night|Bruegel	179.93	0
978-1-80231-577-6	bandgap	ErinMelendez	Montevideo|night|trap|governess	216.95	0
Invalid
Invalid

Invalid
978-1-01-806004-0	Gillespie	TaylorOneill	fugal|Voss	0.00	0
978-1-07-160462-5	gunshot	TaylorOneill	Voss	193.47	0
978-1-229-15724-9	yeah	TaylorOneill	Voss|governess	98.15	0
Invalid
Invalid
978-0-276-71265-4	statistician	Mrs.MeganHayes	night|governess|encumbrance|Bruegel	308.58	0
978-0-322-27875-2	fast	DouglasCombs	fugal|Montevideo|encumbrance|Bruegel	126.98	0
978-0-647-04494-0	team	BrittanyWilson	night|Montevideo|Bruegel	0.00	0
978-0-7370-4175-0	gaugeable	MonicaCooper	Bruegel	310.57	1
978-0-7750-6923-5	Kevin		encumbrance|Bruegel|interregnum	188.56	0
978-0-7964-7838-2	intuit	RichardNorton	interregnum|Bruegel|fugal	0.00	52
978-0-86761-025-3	validate		dietary|Bruegel|governess|night	255.78	0
978-1-129-39478-2	ileum	MatthewOrtiz	interregnum|Bruegel|night|Montevideo	197.36	0
978-1-294-79848-4	Ripley	JasonTurner	Bruegel|governess|Voss|dietary	67.46	16
978-1-338-55499-1	valet	KristieWright	Bruegel	318.26	0
978-1-338-57125-7	interfere	AllenMartin	Bruegel|encumbrance	66.16	0
978-1-4127-3640-4	Ann	RichardNorton	dietary|encumbrance|interregnum|night|Bruegel	179.93	0
978-1-5411-4868-0	refrigerate	PatriciaMartinez	Bruegel	41.18	12
978-1-7365043-5-2		CodyHenson	Bruegel	31.97	0
978-1-80206-441-4	Pickman	RyanBryant	governess|fugal|dietary|interregnum|Bruegel	129.94	1
978-1-896735-09-2	choose	JohnFleming	encumbrance|Bruegel|dietary|Voss	229.34	9
Invalid
Invalid

Invalid
978-0-19-304861-4	Halifax	AmyGutierrez	interregnum	186.47	0
978-0-259-48492-9	mutiny	KristieWright	interregnum|encumbrance|fugal|Montevideo|trap	138.00	0
978-0-457-25369-3	handspike	BenjaminJackson	dietary|interregnum|encumbrance|Montevideo|governess	487.60	0
978-0-7750-6923-5	Kevin		encumbrance|Bruegel|interregnum	188.56	0
978-0-7964-7838-2	intuit	RichardNorton	interregnum|Bruegel|fugal	0.00	52
978-0-919379-31-2	October	AdrienneWebster	interregnum|Voss|night	412.04	10
978-0-9785229-3-3	not	DouglasCombs	night|interregnum|trap|dietary	325.59	0
978-1-02-832624-2		JasonTurner	Montevideo|interregnum|night	0.00	0
978-1-08-748886-8	gratuitous	DouglasCombs	interregnum|Voss	4.20	4
978-1-129-39478-2	ileum	MatthewOrtiz	interregnum|Bruegel|night|Montevideo	197.36	0
978-1-382-16859-5	inhomogeneous	ErinMelendez	Montevideo|Voss|trap|governess|interregnum	412.41	0
978-1-4127-3640-4	Ann	RichardNorton	dietary|encumbrance|interregnum|night|Bruegel	179.93	0
978-1-4588-2171-3	odium	JaniceHayes	interregnum	51.07	15
978-1-5056-3121-0	gallery	JohnFleming	interregnum	139.78	0
978-1-60113-606-0			interregnum|encumbrance	130.40	0
978-1-80206-441-4	Pickman	RyanBryant	governess|fugal|dietary|interregnum|Bruegel	129.94	1
978-1-870621-84-7	Smithson	BrittanyWilson	Montevideo|interregnum	0.00	0
Invalid
Invalid

188.17
Invalid
Invalid
Invalid
Invalid


Invalid
Invalid
Invalid
Invalid
978-1-229-15724-9	yeah	TaylorOneill	Voss|governess	98.15	0
0.00
Invalid
Invalid
Invalid
Invalid
Invalid
Invalid
Invalid
Invalid
Invalid
Invalid
Invalid
Invalid
Invalid

978-0-01-355196-6	crate	DonnaTurner	fugal|trap|Montevideo	302.18	6
978-0-07-483792-4	nobleman	BenjaminJackson	Montevideo|dietary|fugal|trap	60.83	0
978-0-18-921564-8	Precambrian	RichardNorton	Montevideo|fugal	382.21	0
978-0-259-48492-9	mutiny	KristieWright	interregnum|encumbrance|fugal|Montevideo|trap	138.00	0
978-0-322-27875-2	fast	DouglasCombs	fugal|Montevideo|encumbrance|Bruegel	126.98	0
978-0-363-05141-3	Trinidad	VictoriaBenton	Montevideo	450.84	11
978-0-457-25369-3	handspike	BenjaminJackson	dietary|interregnum|encumbrance|Montevideo|governess	487.60	0
978-0-647-04494-0	team	BrittanyWilson	night|Montevideo|Bruegel	0.00	0
978-1-02-832624-2		JasonTurner	Montevideo|interregnum|night	0.00	0
978-1-129-39478-2	ileum	MatthewOrtiz	interregnum|Bruegel|night|Montevideo	197.36	0
978-1-382-16859-5	inhomogeneous	ErinMelendez	Montevideo|Voss|trap|governess|interregnum	412.41	0
978-1-4746-7421-8	plebian	KristieWright	trap|Montevideo|governess	252.73	10
978-1-80231-577-6	bandgap	ErinMelendez	Montevideo|night|trap|governess	216.95	0
978-1-870621-84-7	Smithson	BrittanyWilson	Montevideo|interregnum	0.00	0
Invalid
Invalid
51.07
Invalid
Invalid
978-0-01-355196-6	crate	DonnaTurner	fugal|trap|Montevideo	302.18	6
978-0-07-483792-4	nobleman	BenjaminJackson	Montevideo|dietary|fugal|trap	60.83	0
978-0-14-924545-6	Mouton	RichardNorton	Voss|fugal	207.04	2
978-0-18-921564-8	Precambrian	RichardNorton	Montevideo|fugal	382.21	0
978-0-216-33315-4	Johanna	JasonTurner	trap|fugal	28.38	0
978-0-259-48492-9	mutiny	KristieWright	interregnum|encumbrance|fugal|Montevideo|trap	138.00	0
978-0-322-27875-2	fast	DouglasCombs	fugal|Montevideo|encumbrance|Bruegel	126.98	0
978-0-326-50183-2	shelf	BrandonMoore	encumbrance|trap|fugal	490.89	0
978-0-339-63162-5	consortium	AdrienneWebster	governess|dietary|night|trap|fugal	115.55	0
978-0-593-60245-4	maximum	DonnaTurner	encumbrance|dietary|fugal|night	373.00	0
978-0-7964-7838-2	intuit	RichardNorton	interregnum|Bruegel|fugal	0.00	52
978-1-01-806004-0	Gillespie	TaylorOneill	fugal|Voss	0.00	0
978-1-07-652776-9	backstage	VictoriaBenton	fugal	254.76	0
978-1-140-45891-3		VictoriaBenton	fugal|governess	48.36	0
978-1-80206-441-4	Pickman	RyanBryant	governess|fugal|dietary|interregnum|Bruegel	129.94	1
Invalid

Invalid
Invalid
Invalid
Invalid
978-0-07-483792-4	nobleman	BenjaminJackson	Montevideo|dietary|fugal|trap	60.83	0
978-0-339-63162-5	consortium	AdrienneWebster	governess|dietary|night|trap|fugal	115.55	0
978-0-457-25369-3	handspike	BenjaminJackson	dietary|interregnum|encumbrance|Montevideo|governess	487.60	0
978-0-593-60245-4	maximum	DonnaTurner	encumbrance|dietary|fugal|night	373.00	0
978-0-86761-025-3	validate		dietary|Bruegel|governess|night	255.78	0
978-0-9785229-3-3	not	DouglasCombs	night|interregnum|trap|dietary	325.59	0
978-1-294-79848-4	Ripley	JasonTurner	Bruegel|governess|Voss|dietary	67.46	16
978-1-4127-3640-4	Ann	RichardNorton	dietary|encumbrance|interregnum|night|Bruegel	179.93	0
978-1-4889-1712-7	proven		Voss|encumbrance|dietary	259.31	0
978-1-58581-137-3	obfuscatory	BenjaminJackson	dietary	57.40	0
978-1-80206-441-4	Pickman	RyanBryant	governess|fugal|dietary|interregnum|Bruegel	129.94	1
978-1-896735-09-2	choose	JohnFleming	encumbrance|Bruegel|dietary|Voss	229.34	9
978-1-916138-19-3	Hermite	DonnaTurner	dietary	108.17	0
Invalid
Invalid
Invalid
Invalid
Invalid
Invalid
Invalid
Invalid
Invalid
Invalid
Invalid
207.04

0.00
Invalid
Invalid
978-0-647-04494-0	team	BrittanyWilson	night|Montevideo|Bruegel	0.00	0
978-0-7827-6266-2	veal	BrittanyWilson		54.17	0
978-1-870621-84-7	Smithson	BrittanyWilson	Montevideo|interregnum	0.00	0
Invalid
Invalid
Invalid
Invalid
Invalid
Invalid
Invalid
Invalid
Invalid
