66 69
0 0
0 523.09000000000003183
207.03999999999999204 523.09000000000003183
207.03999999999999204 4087.5700000000001637
207.03999999999999204 5195.069999999999709
414.07999999999998408 5195.069999999999709
621.12000000000000455 5195.069999999999709
923.29999999999995453 5195.069999999999709
923.29999999999995453 5881.9099999999998545
923.29999999999995453 9552.9899999999997817
923.29999999999995453 9552.9899999999997817
923.29999999999995453 10696.139999999999418
1233.8699999999998909 10696.139999999999418
1544.4399999999998272 10696.139999999999418
1846.6199999999998909 10696.139999999999418
1846.6199999999998909 10696.139999999999418
1846.6199999999998909 10765.519999999998618
1846.6199999999998909 11033.539999999999054
1846.6199999999998909 16103.769999999998618
1846.6199999999998909 16212.719999999999345
1846.6199999999998909 21567.900000000001455
1846.6199999999998909 21943.600000000002183
2053.6599999999998545 21943.600000000002183
2053.6599999999998545 21943.600000000002183
2053.6599999999998545 21943.600000000002183
2053.6599999999998545 21949.140000000003056
2053.6599999999998545 23060.130000000004657
2465.6999999999998181 23060.130000000004657
2465.6999999999998181 23078.480000000003201
2465.6999999999998181 23565.55000000000291
2465.6999999999998181 23837.11000000000422
2465.6999999999998181 26701.830000000005384
2767.8799999999996544 26701.830000000005384
2825.2799999999997453 26701.830000000005384
3032.319999999999709 26701.830000000005384
3036.5199999999995271 26701.830000000005384
3103.9799999999995634 26701.830000000005384
3103.9799999999995634 26718.030000000006112
3155.0499999999997272 26718.030000000006112
3159.2499999999995453 26718.030000000006112
3347.419999999999618 26718.030000000006112
3347.419999999999618 26718.030000000006112
3361.6299999999996544 26718.030000000006112
3361.6299999999996544 26718.030000000006112
3459.7799999999997453 26718.030000000006112
3527.2399999999997817 26718.030000000006112
3584.6399999999998727 26718.030000000006112
3584.6399999999998727 26718.030000000006112
3584.6399999999998727 26718.030000000006112
3886.819999999999709 26718.030000000006112
3886.819999999999709 26760.92000000000553
3886.819999999999709 27309.750000000007276
3886.819999999999709 27673.480000000006839
3886.819999999999709 28007.100000000005821
3886.819999999999709 30651.450000000004366
3886.819999999999709 35411.040000000008149
3886.819999999999709 35411.040000000008149
3984.9699999999997999 35411.040000000008149
3984.9699999999997999 35895.190000000009604
3984.9699999999997999 40314.960000000006403
3984.9699999999997999 40550.350000000005821
3999.1799999999998363 40550.350000000005821
4301.3599999999996726 40550.350000000005821
4305.5599999999994907 40550.350000000005821
4493.7299999999995634 40550.350000000005821
4493.7299999999995634 40550.350000000005821
4544.7999999999992724 40550.350000000005821
4751.839999999999236 40550.350000000005821
4751.839999999999236 40550.350000000005821
